MM report/nfc-magic-trick/android-spectator/app/build/intermediates/manifest_merge_blame_file/debug/manifest-merger-blame-debug-report.txt
1<?xml version="1.0" encoding="utf-8"?>
2<manifest xmlns:android="http://schemas.android.com/apk/res/android"
3    package="com.magictrick.spectator"
4    android:versionCode="1"
5    android:versionName="1.0" >
6
7    <uses-sdk
8        android:minSdkVersion="26"
9        android:targetSdkVersion="34" />
10
11    <!-- ALL THE PERMISSIONS FOR CRAZY EFFECTS -->
12    <uses-permission android:name="android.permission.CAMERA" />
12-->src/main/AndroidManifest.xml:6:5-65
12-->src/main/AndroidManifest.xml:6:22-62
13    <uses-permission android:name="android.permission.RECORD_AUDIO" />
13-->src/main/AndroidManifest.xml:7:5-71
13-->src/main/AndroidManifest.xml:7:22-68
14    <uses-permission android:name="android.permission.READ_EXTERNAL_STORAGE" />
14-->src/main/AndroidManifest.xml:8:5-80
14-->src/main/AndroidManifest.xml:8:22-77
15    <uses-permission android:name="android.permission.WRITE_EXTERNAL_STORAGE" />
15-->src/main/AndroidManifest.xml:9:5-81
15-->src/main/AndroidManifest.xml:9:22-78
16    <uses-permission android:name="android.permission.READ_MEDIA_IMAGES" />
16-->src/main/AndroidManifest.xml:10:5-76
16-->src/main/AndroidManifest.xml:10:22-73
17    <uses-permission android:name="android.permission.READ_MEDIA_VIDEO" />
17-->src/main/AndroidManifest.xml:11:5-75
17-->src/main/AndroidManifest.xml:11:22-72
18    <uses-permission android:name="android.permission.ACCESS_FINE_LOCATION" />
18-->src/main/AndroidManifest.xml:12:5-79
18-->src/main/AndroidManifest.xml:12:22-76
19    <uses-permission android:name="android.permission.ACCESS_COARSE_LOCATION" />
19-->src/main/AndroidManifest.xml:13:5-81
19-->src/main/AndroidManifest.xml:13:22-78
20    <uses-permission android:name="android.permission.VIBRATE" />
20-->src/main/AndroidManifest.xml:14:5-66
20-->src/main/AndroidManifest.xml:14:22-63
21    <uses-permission android:name="android.permission.FLASHLIGHT" />
21-->src/main/AndroidManifest.xml:15:5-69
21-->src/main/AndroidManifest.xml:15:22-66
22    <uses-permission android:name="android.permission.BLUETOOTH" />
22-->src/main/AndroidManifest.xml:16:5-68
22-->src/main/AndroidManifest.xml:16:22-65
23    <uses-permission android:name="android.permission.BLUETOOTH_ADMIN" />
23-->src/main/AndroidManifest.xml:17:5-74
23-->src/main/AndroidManifest.xml:17:22-71
24    <uses-permission android:name="android.permission.BLUETOOTH_CONNECT" />
24-->src/main/AndroidManifest.xml:18:5-76
24-->src/main/AndroidManifest.xml:18:22-73
25    <uses-permission android:name="android.permission.BLUETOOTH_SCAN" />
25-->src/main/AndroidManifest.xml:19:5-73
25-->src/main/AndroidManifest.xml:19:22-70
26    <uses-permission android:name="android.permission.READ_CONTACTS" />
26-->src/main/AndroidManifest.xml:20:5-72
26-->src/main/AndroidManifest.xml:20:22-69
27    <uses-permission android:name="android.permission.READ_SMS" />
27-->src/main/AndroidManifest.xml:21:5-67
27-->src/main/AndroidManifest.xml:21:22-64
28    <uses-permission android:name="android.permission.SEND_SMS" />
28-->src/main/AndroidManifest.xml:22:5-67
28-->src/main/AndroidManifest.xml:22:22-64
29    <uses-permission android:name="android.permission.CALL_PHONE" />
29-->src/main/AndroidManifest.xml:23:5-69
29-->src/main/AndroidManifest.xml:23:22-66
30    <uses-permission android:name="android.permission.READ_PHONE_STATE" />
30-->src/main/AndroidManifest.xml:24:5-75
30-->src/main/AndroidManifest.xml:24:22-72
31    <uses-permission android:name="android.permission.INTERNET" />
31-->src/main/AndroidManifest.xml:25:5-67
31-->src/main/AndroidManifest.xml:25:22-64
32    <uses-permission android:name="android.permission.POST_NOTIFICATIONS" />
32-->src/main/AndroidManifest.xml:26:5-77
32-->src/main/AndroidManifest.xml:26:22-74
33    <uses-permission android:name="android.permission.SYSTEM_ALERT_WINDOW" />
33-->src/main/AndroidManifest.xml:27:5-78
33-->src/main/AndroidManifest.xml:27:22-75
34
35    <uses-feature
35-->src/main/AndroidManifest.xml:29:5-85
36        android:name="android.hardware.camera"
36-->src/main/AndroidManifest.xml:29:19-57
37        android:required="false" />
37-->src/main/AndroidManifest.xml:29:58-82
38    <uses-feature
38-->src/main/AndroidManifest.xml:30:5-95
39        android:name="android.hardware.camera.autofocus"
39-->src/main/AndroidManifest.xml:30:19-67
40        android:required="false" />
40-->src/main/AndroidManifest.xml:30:68-92
41    <uses-feature
41-->src/main/AndroidManifest.xml:31:5-91
42        android:name="android.hardware.location.gps"
42-->src/main/AndroidManifest.xml:31:19-63
43        android:required="false" />
43-->src/main/AndroidManifest.xml:31:64-88
44    <uses-feature
44-->src/main/AndroidManifest.xml:32:5-88
45        android:name="android.hardware.bluetooth"
45-->src/main/AndroidManifest.xml:32:19-60
46        android:required="false" />
46-->src/main/AndroidManifest.xml:32:61-85
47
48    <permission
48-->[androidx.core:core:1.12.0] AndroidManifest.xml:22:5-24:47
49        android:name="com.magictrick.spectator.DYNAMIC_RECEIVER_NOT_EXPORTED_PERMISSION"
49-->[androidx.core:core:1.12.0] AndroidManifest.xml:23:9-81
50        android:protectionLevel="signature" />
50-->[androidx.core:core:1.12.0] AndroidManifest.xml:24:9-44
51
52    <uses-permission android:name="com.magictrick.spectator.DYNAMIC_RECEIVER_NOT_EXPORTED_PERMISSION" />
52-->[androidx.core:core:1.12.0] AndroidManifest.xml:26:5-97
52-->[androidx.core:core:1.12.0] AndroidManifest.xml:26:22-94
53
54    <application
54-->src/main/AndroidManifest.xml:34:5-57:19
55        android:allowBackup="true"
55-->src/main/AndroidManifest.xml:35:9-35
56        android:appComponentFactory="androidx.core.app.CoreComponentFactory"
56-->[androidx.core:core:1.12.0] AndroidManifest.xml:28:18-86
57        android:debuggable="true"
58        android:extractNativeLibs="false"
59        android:label="Device Scanner"
59-->src/main/AndroidManifest.xml:36:9-39
60        android:supportsRtl="true"
60-->src/main/AndroidManifest.xml:37:9-35
61        android:theme="@style/Theme.MaterialComponents.DayNight.NoActionBar" >
61-->src/main/AndroidManifest.xml:38:9-77
62        <activity
62-->src/main/AndroidManifest.xml:41:9-49:20
63            android:name="com.magictrick.spectator.MainActivity"
63-->src/main/AndroidManifest.xml:42:13-41
64            android:exported="true"
64-->src/main/AndroidManifest.xml:43:13-36
65            android:screenOrientation="portrait" >
65-->src/main/AndroidManifest.xml:44:13-49
66            <intent-filter>
66-->src/main/AndroidManifest.xml:45:13-48:29
67                <action android:name="android.intent.action.MAIN" />
67-->src/main/AndroidManifest.xml:46:17-69
67-->src/main/AndroidManifest.xml:46:25-66
68
69                <category android:name="android.intent.category.LAUNCHER" />
69-->src/main/AndroidManifest.xml:47:17-77
69-->src/main/AndroidManifest.xml:47:27-74
70            </intent-filter>
71        </activity>
72
73        <!-- Bluetooth Service for remote control -->
74        <service
74-->src/main/AndroidManifest.xml:52:9-55:40
75            android:name="com.magictrick.spectator.BluetoothService"
75-->src/main/AndroidManifest.xml:53:13-45
76            android:enabled="true"
76-->src/main/AndroidManifest.xml:54:13-35
77            android:exported="false" />
77-->src/main/AndroidManifest.xml:55:13-37
78
79        <!--
80        Service for holding metadata. Cannot be instantiated.
81        Metadata will be merged from other manifests.
82        -->
83        <service
83-->[androidx.camera:camera-core:1.3.1] AndroidManifest.xml:29:9-33:78
84            android:name="androidx.camera.core.impl.MetadataHolderService"
84-->[androidx.camera:camera-core:1.3.1] AndroidManifest.xml:30:13-75
85            android:enabled="false"
85-->[androidx.camera:camera-core:1.3.1] AndroidManifest.xml:31:13-36
86            android:exported="false" >
86-->[androidx.camera:camera-core:1.3.1] AndroidManifest.xml:32:13-37
87            <meta-data
87-->[androidx.camera:camera-camera2:1.3.1] AndroidManifest.xml:30:13-32:89
88                android:name="androidx.camera.core.impl.MetadataHolderService.DEFAULT_CONFIG_PROVIDER"
88-->[androidx.camera:camera-camera2:1.3.1] AndroidManifest.xml:31:17-103
89                android:value="androidx.camera.camera2.Camera2Config$DefaultProvider" />
89-->[androidx.camera:camera-camera2:1.3.1] AndroidManifest.xml:32:17-86
90        </service>
91
92        <provider
92-->[androidx.emoji2:emoji2:1.2.0] AndroidManifest.xml:24:9-32:20
93            android:name="androidx.startup.InitializationProvider"
93-->[androidx.emoji2:emoji2:1.2.0] AndroidManifest.xml:25:13-67
94            android:authorities="com.magictrick.spectator.androidx-startup"
94-->[androidx.emoji2:emoji2:1.2.0] AndroidManifest.xml:26:13-68
95            android:exported="false" >
95-->[androidx.emoji2:emoji2:1.2.0] AndroidManifest.xml:27:13-37
96            <meta-data
96-->[androidx.emoji2:emoji2:1.2.0] AndroidManifest.xml:29:13-31:52
97                android:name="androidx.emoji2.text.EmojiCompatInitializer"
97-->[androidx.emoji2:emoji2:1.2.0] AndroidManifest.xml:30:17-75
98                android:value="androidx.startup" />
98-->[androidx.emoji2:emoji2:1.2.0] AndroidManifest.xml:31:17-49
99            <meta-data
99-->[androidx.lifecycle:lifecycle-process:2.6.1] AndroidManifest.xml:29:13-31:52
100                android:name="androidx.lifecycle.ProcessLifecycleInitializer"
100-->[androidx.lifecycle:lifecycle-process:2.6.1] AndroidManifest.xml:30:17-78
101                android:value="androidx.startup" />
101-->[androidx.lifecycle:lifecycle-process:2.6.1] AndroidManifest.xml:31:17-49
102            <meta-data
102-->[androidx.profileinstaller:profileinstaller:1.3.0] AndroidManifest.xml:29:13-31:52
103                android:name="androidx.profileinstaller.ProfileInstallerInitializer"
103-->[androidx.profileinstaller:profileinstaller:1.3.0] AndroidManifest.xml:30:17-85
104                android:value="androidx.startup" />
104-->[androidx.profileinstaller:profileinstaller:1.3.0] AndroidManifest.xml:31:17-49
105        </provider>
106
107        <activity
107-->[com.google.android.gms:play-services-base:18.1.0] AndroidManifest.xml:20:9-22:45
108            android:name="com.google.android.gms.common.api.GoogleApiActivity"
108-->[com.google.android.gms:play-services-base:18.1.0] AndroidManifest.xml:20:19-85
109            android:exported="false"
109-->[com.google.android.gms:play-services-base:18.1.0] AndroidManifest.xml:22:19-43
110            android:theme="@android:style/Theme.Translucent.NoTitleBar" />
110-->[com.google.android.gms:play-services-base:18.1.0] AndroidManifest.xml:21:19-78
111
112        <meta-data
112-->[com.google.android.gms:play-services-basement:18.1.0] AndroidManifest.xml:21:9-23:69
113            android:name="com.google.android.gms.version"
113-->[com.google.android.gms:play-services-basement:18.1.0] AndroidManifest.xml:22:13-58
114            android:value="@integer/google_play_services_version" />
114-->[com.google.android.gms:play-services-basement:18.1.0] AndroidManifest.xml:23:13-66
115
116        <receiver
116-->[androidx.profileinstaller:profileinstaller:1.3.0] AndroidManifest.xml:34:9-52:20
117            android:name="androidx.profileinstaller.ProfileInstallReceiver"
117-->[androidx.profileinstaller:profileinstaller:1.3.0] AndroidManifest.xml:35:13-76
118            android:directBootAware="false"
118-->[androidx.profileinstaller:profileinstaller:1.3.0] AndroidManifest.xml:36:13-44
119            android:enabled="true"
119-->[androidx.profileinstaller:profileinstaller:1.3.0] AndroidManifest.xml:37:13-35
120            android:exported="true"
120-->[androidx.profileinstaller:profileinstaller:1.3.0] AndroidManifest.xml:38:13-36
121            android:permission="android.permission.DUMP" >
121-->[androidx.profileinstaller:profileinstaller:1.3.0] AndroidManifest.xml:39:13-57
122            <intent-filter>
122-->[androidx.profileinstaller:profileinstaller:1.3.0] AndroidManifest.xml:40:13-42:29
123                <action android:name="androidx.profileinstaller.action.INSTALL_PROFILE" />
123-->[androidx.profileinstaller:profileinstaller:1.3.0] AndroidManifest.xml:41:17-91
123-->[androidx.profileinstaller:profileinstaller:1.3.0] AndroidManifest.xml:41:25-88
124            </intent-filter>
125            <intent-filter>
125-->[androidx.profileinstaller:profileinstaller:1.3.0] AndroidManifest.xml:43:13-45:29
126                <action android:name="androidx.profileinstaller.action.SKIP_FILE" />
126-->[androidx.profileinstaller:profileinstaller:1.3.0] AndroidManifest.xml:44:17-85
126-->[androidx.profileinstaller:profileinstaller:1.3.0] AndroidManifest.xml:44:25-82
127            </intent-filter>
128            <intent-filter>
128-->[androidx.profileinstaller:profileinstaller:1.3.0] AndroidManifest.xml:46:13-48:29
129                <action android:name="androidx.profileinstaller.action.SAVE_PROFILE" />
129-->[androidx.profileinstaller:profileinstaller:1.3.0] AndroidManifest.xml:47:17-88
129-->[androidx.profileinstaller:profileinstaller:1.3.0] AndroidManifest.xml:47:25-85
130            </intent-filter>
131            <intent-filter>
131-->[androidx.profileinstaller:profileinstaller:1.3.0] AndroidManifest.xml:49:13-51:29
132                <action android:name="androidx.profileinstaller.action.BENCHMARK_OPERATION" />
132-->[androidx.profileinstaller:profileinstaller:1.3.0] AndroidManifest.xml:50:17-95
132-->[androidx.profileinstaller:profileinstaller:1.3.0] AndroidManifest.xml:50:25-92
133            </intent-filter>
134        </receiver>
135    </application>
136
137</manifest>